<?xml version="1.0" encoding="UTF-8"?>
<testng-results ignored="0" total="1" passed="1" failed="0" skipped="0">
  <reporter-output>
  </reporter-output>
  <suite started-at="2022-02-21T16:26:24 IST" name="Default suite" finished-at="2022-02-21T16:26:24 IST" duration-ms="169">
    <groups>
    </groups>
    <test started-at="2022-02-21T16:26:24 IST" name="Default test" finished-at="2022-02-21T16:26:24 IST" duration-ms="169">
      <class name="Testng.TestNg">
        <test-method signature="demo()[pri:0, instance:Testng.TestNg@5acf93bb]" started-at="2022-02-21T16:26:24 IST" name="demo" finished-at="2022-02-21T16:26:24 IST" duration-ms="21" status="PASS">
          <reporter-output>
          </reporter-output>
        </test-method> <!-- demo -->
      </class> <!-- Testng.TestNg -->
    </test> <!-- Default test -->
  </suite> <!-- Default suite -->
</testng-results>
